2022-01-22 21:52:00.723 [main] INFO  com.zhou.Springboot02Application - Starting Springboot02Application using Java 1.8.0_101 on LAPTOP-VLP4PGD0 with PID 8208 (E:\IDEA_Study\springboot_all\springboot02\target\classes started by 周大生 in E:\IDEA_Study\springboot_all\springboot02)
2022-01-22 21:52:00.724 [main] INFO  com.zhou.Springboot02Application - No active profile set, falling back to default profiles: default
2022-01-22 21:52:01.411 [main] INFO  o.s.boot.web.embedded.tomcat.TomcatWebServer - Tomcat initialized with port(s): 8080 (http)
2022-01-22 21:52:01.416 [main] INFO  org.apache.coyote.http11.Http11NioProtocol - Initializing ProtocolHandler ["http-nio-8080"]
2022-01-22 21:52:01.417 [main] INFO  org.apache.catalina.core.StandardService - Starting service [Tomcat]
2022-01-22 21:52:01.417 [main] INFO  org.apache.catalina.core.StandardEngine - Starting Servlet engine: [Apache Tomcat/9.0.53]
2022-01-22 21:52:01.536 [main] INFO  org.apache.jasper.servlet.TldScanner - At least one JAR was scanned for TLDs yet contained no TLDs. Enable debug logging for this logger for a complete list of JARs that were scanned but no TLDs were found in them. Skipping unneeded JARs during scanning can improve startup time and JSP compilation time.
2022-01-22 21:52:01.539 [main] INFO  o.a.c.c.C.[Tomcat].[localhost].[/springboot02] - Initializing Spring embedded WebApplicationContext
2022-01-22 21:52:01.540 [main] INFO  o.s.b.w.s.c.ServletWebServerApplicationContext - Root WebApplicationContext: initialization completed in 776 ms
2022-01-22 21:52:01.594 [main] INFO  c.a.d.s.b.a.DruidDataSourceAutoConfigure - Init DruidDataSource
2022-01-22 21:52:01.680 [main] INFO  com.alibaba.druid.pool.DruidDataSource - {dataSource-1} inited
2022-01-22 21:52:01.994 [main] INFO  org.apache.coyote.http11.Http11NioProtocol - Starting ProtocolHandler ["http-nio-8080"]
2022-01-22 21:52:02.008 [main] INFO  o.s.boot.web.embedded.tomcat.TomcatWebServer - Tomcat started on port(s): 8080 (http) with context path '/springboot02'
2022-01-22 21:52:02.013 [main] INFO  com.zhou.Springboot02Application - Started Springboot02Application in 1.558 seconds (JVM running for 2.104)
2022-01-22 21:52:07.708 [http-nio-8080-exec-1] INFO  o.a.c.c.C.[Tomcat].[localhost].[/springboot02] - Initializing Spring DispatcherServlet 'dispatcherServlet'
2022-01-22 21:52:07.708 [http-nio-8080-exec-1] INFO  org.springframework.web.servlet.DispatcherServlet - Initializing Servlet 'dispatcherServlet'
2022-01-22 21:52:07.708 [http-nio-8080-exec-1] INFO  org.springframework.web.servlet.DispatcherServlet - Completed initialization in 0 ms
2022-01-22 21:55:00.765 [main] INFO  com.zhou.Springboot02Application - Starting Springboot02Application using Java 1.8.0_101 on LAPTOP-VLP4PGD0 with PID 16632 (E:\IDEA_Study\springboot_all\springboot02\target\classes started by 周大生 in E:\IDEA_Study\springboot_all\springboot02)
2022-01-22 21:55:00.767 [main] INFO  com.zhou.Springboot02Application - No active profile set, falling back to default profiles: default
2022-01-22 21:55:01.471 [main] INFO  o.s.boot.web.embedded.tomcat.TomcatWebServer - Tomcat initialized with port(s): 8080 (http)
2022-01-22 21:55:01.477 [main] INFO  org.apache.coyote.http11.Http11NioProtocol - Initializing ProtocolHandler ["http-nio-8080"]
2022-01-22 21:55:01.477 [main] INFO  org.apache.catalina.core.StandardService - Starting service [Tomcat]
2022-01-22 21:55:01.478 [main] INFO  org.apache.catalina.core.StandardEngine - Starting Servlet engine: [Apache Tomcat/9.0.53]
2022-01-22 21:55:01.598 [main] INFO  org.apache.jasper.servlet.TldScanner - At least one JAR was scanned for TLDs yet contained no TLDs. Enable debug logging for this logger for a complete list of JARs that were scanned but no TLDs were found in them. Skipping unneeded JARs during scanning can improve startup time and JSP compilation time.
2022-01-22 21:55:01.602 [main] INFO  o.a.c.c.C.[Tomcat].[localhost].[/springboot02] - Initializing Spring embedded WebApplicationContext
2022-01-22 21:55:01.603 [main] INFO  o.s.b.w.s.c.ServletWebServerApplicationContext - Root WebApplicationContext: initialization completed in 786 ms
2022-01-22 21:55:01.657 [main] INFO  c.a.d.s.b.a.DruidDataSourceAutoConfigure - Init DruidDataSource
2022-01-22 21:55:01.747 [main] INFO  com.alibaba.druid.pool.DruidDataSource - {dataSource-1} inited
2022-01-22 21:55:01.964 [main] INFO  o.s.b.a.web.servlet.WelcomePageHandlerMapping - Adding welcome page template: index
2022-01-22 21:55:02.062 [main] INFO  org.apache.coyote.http11.Http11NioProtocol - Starting ProtocolHandler ["http-nio-8080"]
2022-01-22 21:55:02.080 [main] INFO  o.s.boot.web.embedded.tomcat.TomcatWebServer - Tomcat started on port(s): 8080 (http) with context path '/springboot02'
2022-01-22 21:55:02.085 [main] INFO  com.zhou.Springboot02Application - Started Springboot02Application in 1.587 seconds (JVM running for 2.14)
2022-01-22 21:55:07.616 [http-nio-8080-exec-1] INFO  o.a.c.c.C.[Tomcat].[localhost].[/springboot02] - Initializing Spring DispatcherServlet 'dispatcherServlet'
2022-01-22 21:55:07.616 [http-nio-8080-exec-1] INFO  org.springframework.web.servlet.DispatcherServlet - Initializing Servlet 'dispatcherServlet'
2022-01-22 21:55:07.616 [http-nio-8080-exec-1] INFO  org.springframework.web.servlet.DispatcherServlet - Completed initialization in 0 ms
2022-01-22 21:58:03.677 [main] INFO  com.zhou.Springboot02Application - Starting Springboot02Application using Java 1.8.0_101 on LAPTOP-VLP4PGD0 with PID 16544 (E:\IDEA_Study\springboot_all\springboot02\target\classes started by 周大生 in E:\IDEA_Study\springboot_all\springboot02)
2022-01-22 21:58:03.678 [main] INFO  com.zhou.Springboot02Application - No active profile set, falling back to default profiles: default
2022-01-22 21:58:04.372 [main] INFO  o.s.boot.web.embedded.tomcat.TomcatWebServer - Tomcat initialized with port(s): 8080 (http)
2022-01-22 21:58:04.377 [main] INFO  org.apache.coyote.http11.Http11NioProtocol - Initializing ProtocolHandler ["http-nio-8080"]
2022-01-22 21:58:04.378 [main] INFO  org.apache.catalina.core.StandardService - Starting service [Tomcat]
2022-01-22 21:58:04.378 [main] INFO  org.apache.catalina.core.StandardEngine - Starting Servlet engine: [Apache Tomcat/9.0.53]
2022-01-22 21:58:04.495 [main] INFO  org.apache.jasper.servlet.TldScanner - At least one JAR was scanned for TLDs yet contained no TLDs. Enable debug logging for this logger for a complete list of JARs that were scanned but no TLDs were found in them. Skipping unneeded JARs during scanning can improve startup time and JSP compilation time.
2022-01-22 21:58:04.499 [main] INFO  o.a.c.c.C.[Tomcat].[localhost].[/springboot02] - Initializing Spring embedded WebApplicationContext
2022-01-22 21:58:04.499 [main] INFO  o.s.b.w.s.c.ServletWebServerApplicationContext - Root WebApplicationContext: initialization completed in 768 ms
2022-01-22 21:58:04.555 [main] INFO  c.a.d.s.b.a.DruidDataSourceAutoConfigure - Init DruidDataSource
2022-01-22 21:58:04.641 [main] INFO  com.alibaba.druid.pool.DruidDataSource - {dataSource-1} inited
2022-01-22 21:58:04.856 [main] INFO  o.s.b.a.web.servlet.WelcomePageHandlerMapping - Adding welcome page template: index
2022-01-22 21:58:04.970 [main] INFO  org.apache.coyote.http11.Http11NioProtocol - Starting ProtocolHandler ["http-nio-8080"]
2022-01-22 21:58:04.984 [main] INFO  o.s.boot.web.embedded.tomcat.TomcatWebServer - Tomcat started on port(s): 8080 (http) with context path '/springboot02'
2022-01-22 21:58:04.994 [main] INFO  com.zhou.Springboot02Application - Started Springboot02Application in 1.579 seconds (JVM running for 2.116)
2022-01-22 21:58:14.291 [http-nio-8080-exec-1] INFO  o.a.c.c.C.[Tomcat].[localhost].[/springboot02] - Initializing Spring DispatcherServlet 'dispatcherServlet'
2022-01-22 21:58:14.292 [http-nio-8080-exec-1] INFO  org.springframework.web.servlet.DispatcherServlet - Initializing Servlet 'dispatcherServlet'
2022-01-22 21:58:14.292 [http-nio-8080-exec-1] INFO  org.springframework.web.servlet.DispatcherServlet - Completed initialization in 0 ms
