2022-01-22 19:27:07.857 [main] INFO  com.zhou.Springboot02Application - Starting Springboot02Application using Java 1.8.0_101 on LAPTOP-VLP4PGD0 with PID 16564 (E:\IDEA_Study\springboot_all\springboot02\target\classes started by 周大生 in E:\IDEA_Study\springboot_all)
2022-01-22 19:27:07.859 [main] INFO  com.zhou.Springboot02Application - No active profile set, falling back to default profiles: default
2022-01-22 19:27:08.484 [main] INFO  o.s.boot.web.embedded.tomcat.TomcatWebServer - Tomcat initialized with port(s): 8080 (http)
2022-01-22 19:27:08.489 [main] INFO  org.apache.coyote.http11.Http11NioProtocol - Initializing ProtocolHandler ["http-nio-8080"]
2022-01-22 19:27:08.489 [main] INFO  org.apache.catalina.core.StandardService - Starting service [Tomcat]
2022-01-22 19:27:08.490 [main] INFO  org.apache.catalina.core.StandardEngine - Starting Servlet engine: [Apache Tomcat/9.0.56]
2022-01-22 19:27:08.540 [main] INFO  o.a.c.c.C.[Tomcat].[localhost].[/springboot02] - Initializing Spring embedded WebApplicationContext
2022-01-22 19:27:08.540 [main] INFO  o.s.b.w.s.c.ServletWebServerApplicationContext - Root WebApplicationContext: initialization completed in 642 ms
2022-01-22 19:27:08.876 [main] INFO  org.apache.coyote.http11.Http11NioProtocol - Starting ProtocolHandler ["http-nio-8080"]
2022-01-22 19:27:08.886 [main] INFO  o.s.boot.web.embedded.tomcat.TomcatWebServer - Tomcat started on port(s): 8080 (http) with context path '/springboot02'
2022-01-22 19:27:08.891 [main] INFO  com.zhou.Springboot02Application - Started Springboot02Application in 1.287 seconds (JVM running for 1.788)
2022-01-22 19:27:31.836 [http-nio-8080-exec-1] INFO  o.a.c.c.C.[Tomcat].[localhost].[/springboot02] - Initializing Spring DispatcherServlet 'dispatcherServlet'
2022-01-22 19:27:31.836 [http-nio-8080-exec-1] INFO  org.springframework.web.servlet.DispatcherServlet - Initializing Servlet 'dispatcherServlet'
2022-01-22 19:27:31.836 [http-nio-8080-exec-1] INFO  org.springframework.web.servlet.DispatcherServlet - Completed initialization in 0 ms
2022-01-22 19:27:31.861 [http-nio-8080-exec-1] INFO  com.zaxxer.hikari.HikariDataSource - HikariPool-1 - Starting...
2022-01-22 19:27:31.954 [http-nio-8080-exec-1] INFO  com.zaxxer.hikari.HikariDataSource - HikariPool-1 - Start completed.
2022-01-22 19:27:31.959 [http-nio-8080-exec-1] DEBUG com.zhou.mapper.UserMapper.selectAll - ==>  Preparing: select * from user
2022-01-22 19:27:31.970 [http-nio-8080-exec-1] DEBUG com.zhou.mapper.UserMapper.selectAll - ==> Parameters: 
2022-01-22 19:27:31.987 [http-nio-8080-exec-1] DEBUG com.zhou.mapper.UserMapper.selectAll - <==      Total: 2
2022-01-22 20:21:33.597 [main] INFO  com.zhou.Springboot02Application - Starting Springboot02Application using Java 1.8.0_101 on LAPTOP-VLP4PGD0 with PID 2480 (E:\IDEA_Study\springboot_all\springboot02\target\classes started by 周大生 in E:\IDEA_Study\springboot_all)
2022-01-22 20:21:33.599 [main] INFO  com.zhou.Springboot02Application - No active profile set, falling back to default profiles: default
2022-01-22 20:21:34.383 [main] INFO  o.s.boot.web.embedded.tomcat.TomcatWebServer - Tomcat initialized with port(s): 8080 (http)
2022-01-22 20:21:34.388 [main] INFO  org.apache.coyote.http11.Http11NioProtocol - Initializing ProtocolHandler ["http-nio-8080"]
2022-01-22 20:21:34.389 [main] INFO  org.apache.catalina.core.StandardService - Starting service [Tomcat]
2022-01-22 20:21:34.389 [main] INFO  org.apache.catalina.core.StandardEngine - Starting Servlet engine: [Apache Tomcat/9.0.56]
2022-01-22 20:21:34.439 [main] INFO  o.a.c.c.C.[Tomcat].[localhost].[/springboot02] - Initializing Spring embedded WebApplicationContext
2022-01-22 20:21:34.439 [main] INFO  o.s.b.w.s.c.ServletWebServerApplicationContext - Root WebApplicationContext: initialization completed in 792 ms
2022-01-22 20:21:34.842 [main] INFO  org.apache.coyote.http11.Http11NioProtocol - Starting ProtocolHandler ["http-nio-8080"]
2022-01-22 20:21:34.857 [main] INFO  o.s.boot.web.embedded.tomcat.TomcatWebServer - Tomcat started on port(s): 8080 (http) with context path '/springboot02'
2022-01-22 20:21:34.864 [main] INFO  com.zhou.Springboot02Application - Started Springboot02Application in 1.589 seconds (JVM running for 2.267)
2022-01-22 20:22:15.226 [http-nio-8080-exec-3] INFO  o.a.c.c.C.[Tomcat].[localhost].[/springboot02] - Initializing Spring DispatcherServlet 'dispatcherServlet'
2022-01-22 20:22:15.226 [http-nio-8080-exec-3] INFO  org.springframework.web.servlet.DispatcherServlet - Initializing Servlet 'dispatcherServlet'
2022-01-22 20:22:15.227 [http-nio-8080-exec-3] INFO  org.springframework.web.servlet.DispatcherServlet - Completed initialization in 1 ms
2022-01-22 20:22:15.250 [http-nio-8080-exec-3] INFO  com.zaxxer.hikari.HikariDataSource - HikariPool-1 - Starting...
2022-01-22 20:22:15.339 [http-nio-8080-exec-3] INFO  com.zaxxer.hikari.HikariDataSource - HikariPool-1 - Start completed.
2022-01-22 20:22:15.344 [http-nio-8080-exec-3] DEBUG com.zhou.mapper.EmpMapper.findAll - ==>  Preparing: select * from emp
2022-01-22 20:22:15.361 [http-nio-8080-exec-3] DEBUG com.zhou.mapper.EmpMapper.findAll - ==> Parameters: 
2022-01-22 20:22:15.379 [http-nio-8080-exec-3] DEBUG com.zhou.mapper.EmpMapper.findAll - <==      Total: 14
2022-01-22 20:34:30.943 [main] INFO  com.zhou.Springboot02Application - Starting Springboot02Application using Java 1.8.0_101 on LAPTOP-VLP4PGD0 with PID 13000 (E:\IDEA_Study\springboot_all\springboot02\target\classes started by 周大生 in E:\IDEA_Study\springboot_all)
2022-01-22 20:34:30.944 [main] INFO  com.zhou.Springboot02Application - No active profile set, falling back to default profiles: default
2022-01-22 20:34:31.626 [main] INFO  o.s.boot.web.embedded.tomcat.TomcatWebServer - Tomcat initialized with port(s): 8080 (http)
2022-01-22 20:34:31.631 [main] INFO  org.apache.coyote.http11.Http11NioProtocol - Initializing ProtocolHandler ["http-nio-8080"]
2022-01-22 20:34:31.631 [main] INFO  org.apache.catalina.core.StandardService - Starting service [Tomcat]
2022-01-22 20:34:31.632 [main] INFO  org.apache.catalina.core.StandardEngine - Starting Servlet engine: [Apache Tomcat/9.0.56]
2022-01-22 20:34:31.674 [main] INFO  o.a.c.c.C.[Tomcat].[localhost].[/springboot02] - Initializing Spring embedded WebApplicationContext
2022-01-22 20:34:31.674 [main] INFO  o.s.b.w.s.c.ServletWebServerApplicationContext - Root WebApplicationContext: initialization completed in 687 ms
2022-01-22 20:34:32.002 [main] WARN  o.s.b.w.s.c.AnnotationConfigServletWebServerApplicationContext - Exception encountered during context initialization - cancelling refresh attempt: org.springframework.beans.factory.BeanCreationException: Error creating bean with name 'com.github.pagehelper.autoconfigure.PageHelperAutoConfiguration': Invocation of init method failed; nested exception is org.springframework.beans.factory.BeanCurrentlyInCreationException: Error creating bean with name 'com.github.pagehelper.autoconfigure.PageHelperAutoConfiguration': Requested bean is currently in creation: Is there an unresolvable circular reference?
2022-01-22 20:34:32.004 [main] INFO  org.apache.catalina.core.StandardService - Stopping service [Tomcat]
2022-01-22 20:34:32.010 [main] INFO  o.s.b.a.l.ConditionEvaluationReportLoggingListener - 

Error starting ApplicationContext. To display the conditions report re-run your application with 'debug' enabled.
2022-01-22 20:34:32.020 [main] ERROR o.s.b.diagnostics.LoggingFailureAnalysisReporter - 

***************************
APPLICATION FAILED TO START
***************************

Description:

The dependencies of some of the beans in the application context form a cycle:

┌──->──┐
|  com.github.pagehelper.autoconfigure.PageHelperAutoConfiguration
└──<-──┘


Action:

Relying upon circular references is discouraged and they are prohibited by default. Update your application to remove the dependency cycle between beans. As a last resort, it may be possible to break the cycle automatically by setting spring.main.allow-circular-references to true.

2022-01-22 20:35:57.966 [main] INFO  com.zhou.Springboot02Application - Starting Springboot02Application using Java 1.8.0_101 on LAPTOP-VLP4PGD0 with PID 2096 (E:\IDEA_Study\springboot_all\springboot02\target\classes started by 周大生 in E:\IDEA_Study\springboot_all)
2022-01-22 20:35:57.967 [main] INFO  com.zhou.Springboot02Application - No active profile set, falling back to default profiles: default
2022-01-22 20:35:58.624 [main] INFO  o.s.boot.web.embedded.tomcat.TomcatWebServer - Tomcat initialized with port(s): 8080 (http)
2022-01-22 20:35:58.630 [main] INFO  org.apache.coyote.http11.Http11NioProtocol - Initializing ProtocolHandler ["http-nio-8080"]
2022-01-22 20:35:58.630 [main] INFO  org.apache.catalina.core.StandardService - Starting service [Tomcat]
2022-01-22 20:35:58.630 [main] INFO  org.apache.catalina.core.StandardEngine - Starting Servlet engine: [Apache Tomcat/9.0.56]
2022-01-22 20:35:58.678 [main] INFO  o.a.c.c.C.[Tomcat].[localhost].[/springboot02] - Initializing Spring embedded WebApplicationContext
2022-01-22 20:35:58.678 [main] INFO  o.s.b.w.s.c.ServletWebServerApplicationContext - Root WebApplicationContext: initialization completed in 663 ms
2022-01-22 20:35:58.997 [main] WARN  o.s.b.w.s.c.AnnotationConfigServletWebServerApplicationContext - Exception encountered during context initialization - cancelling refresh attempt: org.springframework.beans.factory.BeanCreationException: Error creating bean with name 'com.github.pagehelper.autoconfigure.PageHelperAutoConfiguration': Invocation of init method failed; nested exception is org.springframework.beans.factory.BeanCurrentlyInCreationException: Error creating bean with name 'com.github.pagehelper.autoconfigure.PageHelperAutoConfiguration': Requested bean is currently in creation: Is there an unresolvable circular reference?
2022-01-22 20:35:59.000 [main] INFO  org.apache.catalina.core.StandardService - Stopping service [Tomcat]
2022-01-22 20:35:59.005 [main] INFO  o.s.b.a.l.ConditionEvaluationReportLoggingListener - 

Error starting ApplicationContext. To display the conditions report re-run your application with 'debug' enabled.
2022-01-22 20:35:59.014 [main] ERROR o.s.b.diagnostics.LoggingFailureAnalysisReporter - 

***************************
APPLICATION FAILED TO START
***************************

Description:

The dependencies of some of the beans in the application context form a cycle:

┌──->──┐
|  com.github.pagehelper.autoconfigure.PageHelperAutoConfiguration
└──<-──┘


Action:

Relying upon circular references is discouraged and they are prohibited by default. Update your application to remove the dependency cycle between beans. As a last resort, it may be possible to break the cycle automatically by setting spring.main.allow-circular-references to true.

2022-01-22 20:37:50.054 [main] INFO  com.zhou.Springboot02Application - Starting Springboot02Application using Java 1.8.0_101 on LAPTOP-VLP4PGD0 with PID 6992 (E:\IDEA_Study\springboot_all\springboot02\target\classes started by 周大生 in E:\IDEA_Study\springboot_all)
2022-01-22 20:37:50.056 [main] INFO  com.zhou.Springboot02Application - No active profile set, falling back to default profiles: default
2022-01-22 20:37:50.689 [main] INFO  o.s.boot.web.embedded.tomcat.TomcatWebServer - Tomcat initialized with port(s): 8080 (http)
2022-01-22 20:37:50.694 [main] INFO  org.apache.coyote.http11.Http11NioProtocol - Initializing ProtocolHandler ["http-nio-8080"]
2022-01-22 20:37:50.694 [main] INFO  org.apache.catalina.core.StandardService - Starting service [Tomcat]
2022-01-22 20:37:50.695 [main] INFO  org.apache.catalina.core.StandardEngine - Starting Servlet engine: [Apache Tomcat/9.0.56]
2022-01-22 20:37:50.738 [main] INFO  o.a.c.c.C.[Tomcat].[localhost].[/springboot02] - Initializing Spring embedded WebApplicationContext
2022-01-22 20:37:50.738 [main] INFO  o.s.b.w.s.c.ServletWebServerApplicationContext - Root WebApplicationContext: initialization completed in 642 ms
2022-01-22 20:37:51.085 [main] INFO  org.apache.coyote.http11.Http11NioProtocol - Starting ProtocolHandler ["http-nio-8080"]
2022-01-22 20:37:51.098 [main] INFO  o.s.boot.web.embedded.tomcat.TomcatWebServer - Tomcat started on port(s): 8080 (http) with context path '/springboot02'
2022-01-22 20:37:51.103 [main] INFO  com.zhou.Springboot02Application - Started Springboot02Application in 1.308 seconds (JVM running for 1.834)
2022-01-22 20:38:25.220 [main] INFO  com.zhou.Springboot02Application - Starting Springboot02Application using Java 1.8.0_101 on LAPTOP-VLP4PGD0 with PID 6344 (E:\IDEA_Study\springboot_all\springboot02\target\classes started by 周大生 in E:\IDEA_Study\springboot_all)
2022-01-22 20:38:25.222 [main] INFO  com.zhou.Springboot02Application - No active profile set, falling back to default profiles: default
2022-01-22 20:38:25.866 [main] INFO  o.s.boot.web.embedded.tomcat.TomcatWebServer - Tomcat initialized with port(s): 8080 (http)
2022-01-22 20:38:25.872 [main] INFO  org.apache.coyote.http11.Http11NioProtocol - Initializing ProtocolHandler ["http-nio-8080"]
2022-01-22 20:38:25.872 [main] INFO  org.apache.catalina.core.StandardService - Starting service [Tomcat]
2022-01-22 20:38:25.872 [main] INFO  org.apache.catalina.core.StandardEngine - Starting Servlet engine: [Apache Tomcat/9.0.56]
2022-01-22 20:38:25.918 [main] INFO  o.a.c.c.C.[Tomcat].[localhost].[/springboot02] - Initializing Spring embedded WebApplicationContext
2022-01-22 20:38:25.918 [main] INFO  o.s.b.w.s.c.ServletWebServerApplicationContext - Root WebApplicationContext: initialization completed in 646 ms
2022-01-22 20:38:26.231 [main] WARN  o.s.b.w.s.c.AnnotationConfigServletWebServerApplicationContext - Exception encountered during context initialization - cancelling refresh attempt: org.springframework.beans.factory.BeanCreationException: Error creating bean with name 'com.github.pagehelper.autoconfigure.PageHelperAutoConfiguration': Invocation of init method failed; nested exception is org.springframework.beans.factory.BeanCurrentlyInCreationException: Error creating bean with name 'com.github.pagehelper.autoconfigure.PageHelperAutoConfiguration': Requested bean is currently in creation: Is there an unresolvable circular reference?
2022-01-22 20:38:26.233 [main] INFO  org.apache.catalina.core.StandardService - Stopping service [Tomcat]
2022-01-22 20:38:26.239 [main] INFO  o.s.b.a.l.ConditionEvaluationReportLoggingListener - 

Error starting ApplicationContext. To display the conditions report re-run your application with 'debug' enabled.
2022-01-22 20:38:26.247 [main] ERROR o.s.b.diagnostics.LoggingFailureAnalysisReporter - 

***************************
APPLICATION FAILED TO START
***************************

Description:

The dependencies of some of the beans in the application context form a cycle:

┌──->──┐
|  com.github.pagehelper.autoconfigure.PageHelperAutoConfiguration
└──<-──┘


Action:

Relying upon circular references is discouraged and they are prohibited by default. Update your application to remove the dependency cycle between beans. As a last resort, it may be possible to break the cycle automatically by setting spring.main.allow-circular-references to true.

2022-01-22 20:43:43.757 [main] INFO  com.zhou.Springboot02Application - Starting Springboot02Application using Java 1.8.0_101 on LAPTOP-VLP4PGD0 with PID 15128 (E:\IDEA_Study\springboot_all\springboot02\target\classes started by 周大生 in E:\IDEA_Study\springboot_all)
2022-01-22 20:43:43.758 [main] INFO  com.zhou.Springboot02Application - No active profile set, falling back to default profiles: default
2022-01-22 20:43:44.406 [main] INFO  o.s.boot.web.embedded.tomcat.TomcatWebServer - Tomcat initialized with port(s): 8080 (http)
2022-01-22 20:43:44.412 [main] INFO  org.apache.coyote.http11.Http11NioProtocol - Initializing ProtocolHandler ["http-nio-8080"]
2022-01-22 20:43:44.412 [main] INFO  org.apache.catalina.core.StandardService - Starting service [Tomcat]
2022-01-22 20:43:44.412 [main] INFO  org.apache.catalina.core.StandardEngine - Starting Servlet engine: [Apache Tomcat/9.0.56]
2022-01-22 20:43:44.456 [main] INFO  o.a.c.c.C.[Tomcat].[localhost].[/springboot02] - Initializing Spring embedded WebApplicationContext
2022-01-22 20:43:44.456 [main] INFO  o.s.b.w.s.c.ServletWebServerApplicationContext - Root WebApplicationContext: initialization completed in 656 ms
2022-01-22 20:43:44.769 [main] WARN  o.s.b.w.s.c.AnnotationConfigServletWebServerApplicationContext - Exception encountered during context initialization - cancelling refresh attempt: org.springframework.beans.factory.BeanCreationException: Error creating bean with name 'com.github.pagehelper.autoconfigure.PageHelperAutoConfiguration': Invocation of init method failed; nested exception is org.springframework.beans.factory.BeanCurrentlyInCreationException: Error creating bean with name 'com.github.pagehelper.autoconfigure.PageHelperAutoConfiguration': Requested bean is currently in creation: Is there an unresolvable circular reference?
2022-01-22 20:43:44.771 [main] INFO  org.apache.catalina.core.StandardService - Stopping service [Tomcat]
2022-01-22 20:43:44.777 [main] INFO  o.s.b.a.l.ConditionEvaluationReportLoggingListener - 

Error starting ApplicationContext. To display the conditions report re-run your application with 'debug' enabled.
2022-01-22 20:43:44.785 [main] ERROR o.s.b.diagnostics.LoggingFailureAnalysisReporter - 

***************************
APPLICATION FAILED TO START
***************************

Description:

The dependencies of some of the beans in the application context form a cycle:

┌──->──┐
|  com.github.pagehelper.autoconfigure.PageHelperAutoConfiguration
└──<-──┘


Action:

Relying upon circular references is discouraged and they are prohibited by default. Update your application to remove the dependency cycle between beans. As a last resort, it may be possible to break the cycle automatically by setting spring.main.allow-circular-references to true.

2022-01-22 20:45:20.366 [main] INFO  com.zhou.Springboot02Application - Starting Springboot02Application using Java 1.8.0_101 on LAPTOP-VLP4PGD0 with PID 10612 (E:\IDEA_Study\springboot_all\springboot02\target\classes started by 周大生 in E:\IDEA_Study\springboot_all)
2022-01-22 20:45:20.368 [main] INFO  com.zhou.Springboot02Application - No active profile set, falling back to default profiles: default
2022-01-22 20:45:21.050 [main] INFO  o.s.boot.web.embedded.tomcat.TomcatWebServer - Tomcat initialized with port(s): 8080 (http)
2022-01-22 20:45:21.055 [main] INFO  org.apache.coyote.http11.Http11NioProtocol - Initializing ProtocolHandler ["http-nio-8080"]
2022-01-22 20:45:21.056 [main] INFO  org.apache.catalina.core.StandardService - Starting service [Tomcat]
2022-01-22 20:45:21.056 [main] INFO  org.apache.catalina.core.StandardEngine - Starting Servlet engine: [Apache Tomcat/9.0.56]
2022-01-22 20:45:21.099 [main] INFO  o.a.c.c.C.[Tomcat].[localhost].[/springboot02] - Initializing Spring embedded WebApplicationContext
2022-01-22 20:45:21.100 [main] INFO  o.s.b.w.s.c.ServletWebServerApplicationContext - Root WebApplicationContext: initialization completed in 691 ms
2022-01-22 20:45:21.422 [main] WARN  o.s.b.w.s.c.AnnotationConfigServletWebServerApplicationContext - Exception encountered during context initialization - cancelling refresh attempt: org.springframework.beans.factory.BeanCreationException: Error creating bean with name 'com.github.pagehelper.autoconfigure.PageHelperAutoConfiguration': Invocation of init method failed; nested exception is org.springframework.beans.factory.BeanCurrentlyInCreationException: Error creating bean with name 'com.github.pagehelper.autoconfigure.PageHelperAutoConfiguration': Requested bean is currently in creation: Is there an unresolvable circular reference?
2022-01-22 20:45:21.424 [main] INFO  org.apache.catalina.core.StandardService - Stopping service [Tomcat]
2022-01-22 20:45:21.430 [main] INFO  o.s.b.a.l.ConditionEvaluationReportLoggingListener - 

Error starting ApplicationContext. To display the conditions report re-run your application with 'debug' enabled.
2022-01-22 20:45:21.438 [main] ERROR o.s.b.diagnostics.LoggingFailureAnalysisReporter - 

***************************
APPLICATION FAILED TO START
***************************

Description:

The dependencies of some of the beans in the application context form a cycle:

┌──->──┐
|  com.github.pagehelper.autoconfigure.PageHelperAutoConfiguration
└──<-──┘


Action:

Relying upon circular references is discouraged and they are prohibited by default. Update your application to remove the dependency cycle between beans. As a last resort, it may be possible to break the cycle automatically by setting spring.main.allow-circular-references to true.

2022-01-22 20:46:49.332 [main] INFO  com.zhou.Springboot02Application - Starting Springboot02Application using Java 1.8.0_101 on LAPTOP-VLP4PGD0 with PID 14076 (E:\IDEA_Study\springboot_all\springboot02\target\classes started by 周大生 in E:\IDEA_Study\springboot_all)
2022-01-22 20:46:49.334 [main] INFO  com.zhou.Springboot02Application - No active profile set, falling back to default profiles: default
2022-01-22 20:46:49.986 [main] INFO  o.s.boot.web.embedded.tomcat.TomcatWebServer - Tomcat initialized with port(s): 8080 (http)
2022-01-22 20:46:49.991 [main] INFO  org.apache.coyote.http11.Http11NioProtocol - Initializing ProtocolHandler ["http-nio-8080"]
2022-01-22 20:46:49.992 [main] INFO  org.apache.catalina.core.StandardService - Starting service [Tomcat]
2022-01-22 20:46:49.992 [main] INFO  org.apache.catalina.core.StandardEngine - Starting Servlet engine: [Apache Tomcat/9.0.56]
2022-01-22 20:46:50.035 [main] INFO  o.a.c.c.C.[Tomcat].[localhost].[/springboot02] - Initializing Spring embedded WebApplicationContext
2022-01-22 20:46:50.035 [main] INFO  o.s.b.w.s.c.ServletWebServerApplicationContext - Root WebApplicationContext: initialization completed in 661 ms
2022-01-22 20:46:50.339 [main] WARN  o.s.b.w.s.c.AnnotationConfigServletWebServerApplicationContext - Exception encountered during context initialization - cancelling refresh attempt: org.springframework.beans.factory.BeanCreationException: Error creating bean with name 'com.github.pagehelper.autoconfigure.PageHelperAutoConfiguration': Invocation of init method failed; nested exception is org.springframework.beans.factory.BeanCurrentlyInCreationException: Error creating bean with name 'com.github.pagehelper.autoconfigure.PageHelperAutoConfiguration': Requested bean is currently in creation: Is there an unresolvable circular reference?
2022-01-22 20:46:50.342 [main] INFO  org.apache.catalina.core.StandardService - Stopping service [Tomcat]
2022-01-22 20:46:50.347 [main] INFO  o.s.b.a.l.ConditionEvaluationReportLoggingListener - 

Error starting ApplicationContext. To display the conditions report re-run your application with 'debug' enabled.
2022-01-22 20:46:50.355 [main] ERROR o.s.b.diagnostics.LoggingFailureAnalysisReporter - 

***************************
APPLICATION FAILED TO START
***************************

Description:

The dependencies of some of the beans in the application context form a cycle:

┌──->──┐
|  com.github.pagehelper.autoconfigure.PageHelperAutoConfiguration
└──<-──┘


Action:

Relying upon circular references is discouraged and they are prohibited by default. Update your application to remove the dependency cycle between beans. As a last resort, it may be possible to break the cycle automatically by setting spring.main.allow-circular-references to true.

2022-01-22 20:48:32.583 [main] INFO  com.zhou.Springboot02Application - Starting Springboot02Application using Java 1.8.0_101 on LAPTOP-VLP4PGD0 with PID 7120 (E:\IDEA_Study\springboot_all\springboot02\target\classes started by 周大生 in E:\IDEA_Study\springboot_all)
2022-01-22 20:48:32.584 [main] INFO  com.zhou.Springboot02Application - No active profile set, falling back to default profiles: default
2022-01-22 20:48:33.222 [main] INFO  o.s.boot.web.embedded.tomcat.TomcatWebServer - Tomcat initialized with port(s): 8080 (http)
2022-01-22 20:48:33.227 [main] INFO  org.apache.coyote.http11.Http11NioProtocol - Initializing ProtocolHandler ["http-nio-8080"]
2022-01-22 20:48:33.227 [main] INFO  org.apache.catalina.core.StandardService - Starting service [Tomcat]
2022-01-22 20:48:33.227 [main] INFO  org.apache.catalina.core.StandardEngine - Starting Servlet engine: [Apache Tomcat/9.0.56]
2022-01-22 20:48:33.271 [main] INFO  o.a.c.c.C.[Tomcat].[localhost].[/springboot02] - Initializing Spring embedded WebApplicationContext
2022-01-22 20:48:33.271 [main] INFO  o.s.b.w.s.c.ServletWebServerApplicationContext - Root WebApplicationContext: initialization completed in 645 ms
2022-01-22 20:48:33.629 [main] INFO  org.apache.coyote.http11.Http11NioProtocol - Starting ProtocolHandler ["http-nio-8080"]
2022-01-22 20:48:33.643 [main] INFO  o.s.boot.web.embedded.tomcat.TomcatWebServer - Tomcat started on port(s): 8080 (http) with context path '/springboot02'
2022-01-22 20:48:33.648 [main] INFO  com.zhou.Springboot02Application - Started Springboot02Application in 1.327 seconds (JVM running for 1.879)
2022-01-22 20:51:55.331 [main] INFO  com.zhou.Springboot02Application - Starting Springboot02Application using Java 1.8.0_101 on LAPTOP-VLP4PGD0 with PID 9664 (E:\IDEA_Study\springboot_all\springboot02\target\classes started by 周大生 in E:\IDEA_Study\springboot_all)
2022-01-22 20:51:55.332 [main] INFO  com.zhou.Springboot02Application - No active profile set, falling back to default profiles: default
2022-01-22 20:51:55.985 [main] INFO  o.s.boot.web.embedded.tomcat.TomcatWebServer - Tomcat initialized with port(s): 8080 (http)
2022-01-22 20:51:55.991 [main] INFO  org.apache.coyote.http11.Http11NioProtocol - Initializing ProtocolHandler ["http-nio-8080"]
2022-01-22 20:51:55.991 [main] INFO  org.apache.catalina.core.StandardService - Starting service [Tomcat]
2022-01-22 20:51:55.992 [main] INFO  org.apache.catalina.core.StandardEngine - Starting Servlet engine: [Apache Tomcat/9.0.56]
2022-01-22 20:51:56.035 [main] INFO  o.a.c.c.C.[Tomcat].[localhost].[/springboot02] - Initializing Spring embedded WebApplicationContext
2022-01-22 20:51:56.035 [main] INFO  o.s.b.w.s.c.ServletWebServerApplicationContext - Root WebApplicationContext: initialization completed in 654 ms
2022-01-22 20:51:56.351 [main] WARN  o.s.b.w.s.c.AnnotationConfigServletWebServerApplicationContext - Exception encountered during context initialization - cancelling refresh attempt: org.springframework.beans.factory.BeanCreationException: Error creating bean with name 'com.github.pagehelper.autoconfigure.PageHelperAutoConfiguration': Invocation of init method failed; nested exception is org.springframework.beans.factory.BeanCurrentlyInCreationException: Error creating bean with name 'com.github.pagehelper.autoconfigure.PageHelperAutoConfiguration': Requested bean is currently in creation: Is there an unresolvable circular reference?
2022-01-22 20:51:56.354 [main] INFO  org.apache.catalina.core.StandardService - Stopping service [Tomcat]
2022-01-22 20:51:56.359 [main] INFO  o.s.b.a.l.ConditionEvaluationReportLoggingListener - 

Error starting ApplicationContext. To display the conditions report re-run your application with 'debug' enabled.
2022-01-22 20:51:56.367 [main] ERROR o.s.b.diagnostics.LoggingFailureAnalysisReporter - 

***************************
APPLICATION FAILED TO START
***************************

Description:

The dependencies of some of the beans in the application context form a cycle:

┌──->──┐
|  com.github.pagehelper.autoconfigure.PageHelperAutoConfiguration
└──<-──┘


Action:

Relying upon circular references is discouraged and they are prohibited by default. Update your application to remove the dependency cycle between beans. As a last resort, it may be possible to break the cycle automatically by setting spring.main.allow-circular-references to true.

2022-01-22 21:00:27.411 [main] INFO  com.zhou.Springboot02Application - Starting Springboot02Application using Java 1.8.0_101 on LAPTOP-VLP4PGD0 with PID 2304 (E:\IDEA_Study\springboot_all\springboot02\target\classes started by 周大生 in E:\IDEA_Study\springboot_all)
2022-01-22 21:00:27.413 [main] INFO  com.zhou.Springboot02Application - No active profile set, falling back to default profiles: default
2022-01-22 21:00:28.074 [main] INFO  o.s.boot.web.embedded.tomcat.TomcatWebServer - Tomcat initialized with port(s): 8080 (http)
2022-01-22 21:00:28.080 [main] INFO  org.apache.coyote.http11.Http11NioProtocol - Initializing ProtocolHandler ["http-nio-8080"]
2022-01-22 21:00:28.080 [main] INFO  org.apache.catalina.core.StandardService - Starting service [Tomcat]
2022-01-22 21:00:28.080 [main] INFO  org.apache.catalina.core.StandardEngine - Starting Servlet engine: [Apache Tomcat/9.0.53]
2022-01-22 21:00:28.127 [main] INFO  o.a.c.c.C.[Tomcat].[localhost].[/springboot02] - Initializing Spring embedded WebApplicationContext
2022-01-22 21:00:28.127 [main] INFO  o.s.b.w.s.c.ServletWebServerApplicationContext - Root WebApplicationContext: initialization completed in 662 ms
2022-01-22 21:00:28.507 [main] INFO  org.apache.coyote.http11.Http11NioProtocol - Starting ProtocolHandler ["http-nio-8080"]
2022-01-22 21:00:28.516 [main] INFO  o.s.boot.web.embedded.tomcat.TomcatWebServer - Tomcat started on port(s): 8080 (http) with context path '/springboot02'
2022-01-22 21:00:28.525 [main] INFO  com.zhou.Springboot02Application - Started Springboot02Application in 1.383 seconds (JVM running for 1.943)
2022-01-22 21:00:36.206 [http-nio-8080-exec-1] INFO  o.a.c.c.C.[Tomcat].[localhost].[/springboot02] - Initializing Spring DispatcherServlet 'dispatcherServlet'
2022-01-22 21:00:36.207 [http-nio-8080-exec-1] INFO  org.springframework.web.servlet.DispatcherServlet - Initializing Servlet 'dispatcherServlet'
2022-01-22 21:00:36.207 [http-nio-8080-exec-1] INFO  org.springframework.web.servlet.DispatcherServlet - Completed initialization in 0 ms
2022-01-22 21:00:36.233 [http-nio-8080-exec-1] INFO  com.zaxxer.hikari.HikariDataSource - HikariPool-1 - Starting...
2022-01-22 21:00:36.305 [http-nio-8080-exec-1] INFO  com.zaxxer.hikari.HikariDataSource - HikariPool-1 - Start completed.
2022-01-22 21:00:36.309 [http-nio-8080-exec-1] DEBUG com.zhou.mapper.EmpMapper.findAll - ==>  Preparing: select * from emp
2022-01-22 21:00:36.353 [http-nio-8080-exec-1] DEBUG com.zhou.mapper.EmpMapper.findAll - ==> Parameters: 
2022-01-22 21:00:36.368 [http-nio-8080-exec-1] DEBUG com.zhou.mapper.EmpMapper.findAll - <==      Total: 14
2022-01-22 21:00:53.316 [main] INFO  com.zhou.Springboot02Application - Starting Springboot02Application using Java 1.8.0_101 on LAPTOP-VLP4PGD0 with PID 2300 (E:\IDEA_Study\springboot_all\springboot02\target\classes started by 周大生 in E:\IDEA_Study\springboot_all)
2022-01-22 21:00:53.318 [main] INFO  com.zhou.Springboot02Application - No active profile set, falling back to default profiles: default
2022-01-22 21:00:53.965 [main] INFO  o.s.boot.web.embedded.tomcat.TomcatWebServer - Tomcat initialized with port(s): 8080 (http)
2022-01-22 21:00:53.971 [main] INFO  org.apache.coyote.http11.Http11NioProtocol - Initializing ProtocolHandler ["http-nio-8080"]
2022-01-22 21:00:53.971 [main] INFO  org.apache.catalina.core.StandardService - Starting service [Tomcat]
2022-01-22 21:00:53.971 [main] INFO  org.apache.catalina.core.StandardEngine - Starting Servlet engine: [Apache Tomcat/9.0.53]
2022-01-22 21:00:54.017 [main] INFO  o.a.c.c.C.[Tomcat].[localhost].[/springboot02] - Initializing Spring embedded WebApplicationContext
2022-01-22 21:00:54.017 [main] INFO  o.s.b.w.s.c.ServletWebServerApplicationContext - Root WebApplicationContext: initialization completed in 659 ms
2022-01-22 21:00:54.390 [main] INFO  org.apache.coyote.http11.Http11NioProtocol - Starting ProtocolHandler ["http-nio-8080"]
2022-01-22 21:00:54.403 [main] INFO  o.s.boot.web.embedded.tomcat.TomcatWebServer - Tomcat started on port(s): 8080 (http) with context path '/springboot02'
2022-01-22 21:00:54.409 [main] INFO  com.zhou.Springboot02Application - Started Springboot02Application in 1.354 seconds (JVM running for 1.881)
2022-01-22 21:00:57.944 [http-nio-8080-exec-1] INFO  o.a.c.c.C.[Tomcat].[localhost].[/springboot02] - Initializing Spring DispatcherServlet 'dispatcherServlet'
2022-01-22 21:00:57.944 [http-nio-8080-exec-1] INFO  org.springframework.web.servlet.DispatcherServlet - Initializing Servlet 'dispatcherServlet'
2022-01-22 21:00:57.945 [http-nio-8080-exec-1] INFO  org.springframework.web.servlet.DispatcherServlet - Completed initialization in 1 ms
2022-01-22 21:00:57.969 [http-nio-8080-exec-1] INFO  com.zaxxer.hikari.HikariDataSource - HikariPool-1 - Starting...
2022-01-22 21:00:58.039 [http-nio-8080-exec-1] INFO  com.zaxxer.hikari.HikariDataSource - HikariPool-1 - Start completed.
2022-01-22 21:00:58.095 [http-nio-8080-exec-1] DEBUG com.zhou.mapper.EmpMapper.findAll_COUNT - ==>  Preparing: SELECT count(0) FROM emp
2022-01-22 21:00:58.108 [http-nio-8080-exec-1] DEBUG com.zhou.mapper.EmpMapper.findAll_COUNT - ==> Parameters: 
2022-01-22 21:00:58.123 [http-nio-8080-exec-1] DEBUG com.zhou.mapper.EmpMapper.findAll_COUNT - <==      Total: 1
2022-01-22 21:00:58.126 [http-nio-8080-exec-1] DEBUG com.zhou.mapper.EmpMapper.findAll - ==>  Preparing: select * from emp LIMIT ?, ?
2022-01-22 21:00:58.126 [http-nio-8080-exec-1] DEBUG com.zhou.mapper.EmpMapper.findAll - ==> Parameters: 5(Integer), 5(Integer)
2022-01-22 21:00:58.128 [http-nio-8080-exec-1] DEBUG com.zhou.mapper.EmpMapper.findAll - <==      Total: 5
2022-01-22 21:09:53.291 [main] INFO  com.zhou.Springboot02Application - Starting Springboot02Application using Java 1.8.0_101 on LAPTOP-VLP4PGD0 with PID 13204 (E:\IDEA_Study\springboot_all\springboot02\target\classes started by 周大生 in E:\IDEA_Study\springboot_all)
2022-01-22 21:09:53.293 [main] INFO  com.zhou.Springboot02Application - No active profile set, falling back to default profiles: default
2022-01-22 21:09:53.935 [main] INFO  o.s.boot.web.embedded.tomcat.TomcatWebServer - Tomcat initialized with port(s): 8080 (http)
2022-01-22 21:09:53.940 [main] INFO  org.apache.coyote.http11.Http11NioProtocol - Initializing ProtocolHandler ["http-nio-8080"]
2022-01-22 21:09:53.941 [main] INFO  org.apache.catalina.core.StandardService - Starting service [Tomcat]
2022-01-22 21:09:53.941 [main] INFO  org.apache.catalina.core.StandardEngine - Starting Servlet engine: [Apache Tomcat/9.0.53]
2022-01-22 21:09:53.985 [main] INFO  o.a.c.c.C.[Tomcat].[localhost].[/springboot02] - Initializing Spring embedded WebApplicationContext
2022-01-22 21:09:53.985 [main] INFO  o.s.b.w.s.c.ServletWebServerApplicationContext - Root WebApplicationContext: initialization completed in 642 ms
2022-01-22 21:09:54.348 [main] INFO  org.apache.coyote.http11.Http11NioProtocol - Starting ProtocolHandler ["http-nio-8080"]
2022-01-22 21:09:54.358 [main] INFO  o.s.boot.web.embedded.tomcat.TomcatWebServer - Tomcat started on port(s): 8080 (http) with context path '/springboot02'
2022-01-22 21:09:54.364 [main] INFO  com.zhou.Springboot02Application - Started Springboot02Application in 1.334 seconds (JVM running for 1.868)
2022-01-22 21:09:59.431 [http-nio-8080-exec-1] INFO  o.a.c.c.C.[Tomcat].[localhost].[/springboot02] - Initializing Spring DispatcherServlet 'dispatcherServlet'
2022-01-22 21:09:59.431 [http-nio-8080-exec-1] INFO  org.springframework.web.servlet.DispatcherServlet - Initializing Servlet 'dispatcherServlet'
2022-01-22 21:09:59.432 [http-nio-8080-exec-1] INFO  org.springframework.web.servlet.DispatcherServlet - Completed initialization in 1 ms
2022-01-22 21:09:59.460 [http-nio-8080-exec-1] INFO  com.zaxxer.hikari.HikariDataSource - HikariPool-1 - Starting...
2022-01-22 21:09:59.560 [http-nio-8080-exec-1] INFO  com.zaxxer.hikari.HikariDataSource - HikariPool-1 - Start completed.
2022-01-22 21:09:59.582 [http-nio-8080-exec-1] DEBUG com.zhou.mapper.EmpMapper.findAll_COUNT - ==>  Preparing: SELECT count(0) FROM emp
2022-01-22 21:09:59.599 [http-nio-8080-exec-1] DEBUG com.zhou.mapper.EmpMapper.findAll_COUNT - ==> Parameters: 
2022-01-22 21:09:59.611 [http-nio-8080-exec-1] DEBUG com.zhou.mapper.EmpMapper.findAll_COUNT - <==      Total: 1
2022-01-22 21:09:59.613 [http-nio-8080-exec-1] DEBUG com.zhou.mapper.EmpMapper.findAll - ==>  Preparing: select * from emp LIMIT ?, ?
2022-01-22 21:09:59.613 [http-nio-8080-exec-1] DEBUG com.zhou.mapper.EmpMapper.findAll - ==> Parameters: 5(Integer), 5(Integer)
2022-01-22 21:09:59.615 [http-nio-8080-exec-1] DEBUG com.zhou.mapper.EmpMapper.findAll - <==      Total: 5
2022-01-22 21:10:58.414 [main] INFO  com.zhou.Springboot02Application - Starting Springboot02Application using Java 1.8.0_101 on LAPTOP-VLP4PGD0 with PID 14204 (E:\IDEA_Study\springboot_all\springboot02\target\classes started by 周大生 in E:\IDEA_Study\springboot_all)
2022-01-22 21:10:58.415 [main] INFO  com.zhou.Springboot02Application - No active profile set, falling back to default profiles: default
2022-01-22 21:10:59.080 [main] INFO  o.s.boot.web.embedded.tomcat.TomcatWebServer - Tomcat initialized with port(s): 8080 (http)
2022-01-22 21:10:59.086 [main] INFO  org.apache.coyote.http11.Http11NioProtocol - Initializing ProtocolHandler ["http-nio-8080"]
2022-01-22 21:10:59.086 [main] INFO  org.apache.catalina.core.StandardService - Starting service [Tomcat]
2022-01-22 21:10:59.086 [main] INFO  org.apache.catalina.core.StandardEngine - Starting Servlet engine: [Apache Tomcat/9.0.53]
2022-01-22 21:10:59.133 [main] INFO  o.a.c.c.C.[Tomcat].[localhost].[/springboot02] - Initializing Spring embedded WebApplicationContext
2022-01-22 21:10:59.133 [main] INFO  o.s.b.w.s.c.ServletWebServerApplicationContext - Root WebApplicationContext: initialization completed in 668 ms
2022-01-22 21:10:59.506 [main] INFO  org.apache.coyote.http11.Http11NioProtocol - Starting ProtocolHandler ["http-nio-8080"]
2022-01-22 21:10:59.516 [main] INFO  o.s.boot.web.embedded.tomcat.TomcatWebServer - Tomcat started on port(s): 8080 (http) with context path '/springboot02'
2022-01-22 21:10:59.525 [main] INFO  com.zhou.Springboot02Application - Started Springboot02Application in 1.379 seconds (JVM running for 1.929)
2022-01-22 21:11:01.226 [http-nio-8080-exec-1] INFO  o.a.c.c.C.[Tomcat].[localhost].[/springboot02] - Initializing Spring DispatcherServlet 'dispatcherServlet'
2022-01-22 21:11:01.226 [http-nio-8080-exec-1] INFO  org.springframework.web.servlet.DispatcherServlet - Initializing Servlet 'dispatcherServlet'
2022-01-22 21:11:01.227 [http-nio-8080-exec-1] INFO  org.springframework.web.servlet.DispatcherServlet - Completed initialization in 1 ms
2022-01-22 21:11:01.252 [http-nio-8080-exec-1] INFO  com.zaxxer.hikari.HikariDataSource - HikariPool-1 - Starting...
2022-01-22 21:11:01.324 [http-nio-8080-exec-1] INFO  com.zaxxer.hikari.HikariDataSource - HikariPool-1 - Start completed.
2022-01-22 21:11:01.375 [http-nio-8080-exec-1] DEBUG com.zhou.mapper.EmpMapper.findAll_COUNT - ==>  Preparing: SELECT count(0) FROM emp
2022-01-22 21:11:01.387 [http-nio-8080-exec-1] DEBUG com.zhou.mapper.EmpMapper.findAll_COUNT - ==> Parameters: 
2022-01-22 21:11:01.400 [http-nio-8080-exec-1] DEBUG com.zhou.mapper.EmpMapper.findAll_COUNT - <==      Total: 1
2022-01-22 21:11:01.402 [http-nio-8080-exec-1] DEBUG com.zhou.mapper.EmpMapper.findAll - ==>  Preparing: select * from emp LIMIT ?, ?
2022-01-22 21:11:01.402 [http-nio-8080-exec-1] DEBUG com.zhou.mapper.EmpMapper.findAll - ==> Parameters: 5(Integer), 5(Integer)
2022-01-22 21:11:01.404 [http-nio-8080-exec-1] DEBUG com.zhou.mapper.EmpMapper.findAll - <==      Total: 5
2022-01-22 21:36:26.698 [main] INFO  com.zhou.Springboot02Application - Starting Springboot02Application using Java 1.8.0_101 on LAPTOP-VLP4PGD0 with PID 4804 (E:\IDEA_Study\springboot_all\springboot02\target\classes started by 周大生 in E:\IDEA_Study\springboot_all)
2022-01-22 21:36:26.700 [main] INFO  com.zhou.Springboot02Application - No active profile set, falling back to default profiles: default
2022-01-22 21:36:27.394 [main] INFO  o.s.boot.web.embedded.tomcat.TomcatWebServer - Tomcat initialized with port(s): 8080 (http)
2022-01-22 21:36:27.399 [main] INFO  org.apache.coyote.http11.Http11NioProtocol - Initializing ProtocolHandler ["http-nio-8080"]
2022-01-22 21:36:27.399 [main] INFO  org.apache.catalina.core.StandardService - Starting service [Tomcat]
2022-01-22 21:36:27.399 [main] INFO  org.apache.catalina.core.StandardEngine - Starting Servlet engine: [Apache Tomcat/9.0.53]
2022-01-22 21:36:27.444 [main] INFO  o.a.c.c.C.[Tomcat].[localhost].[/springboot02] - Initializing Spring embedded WebApplicationContext
2022-01-22 21:36:27.446 [main] INFO  o.s.b.w.s.c.ServletWebServerApplicationContext - Root WebApplicationContext: initialization completed in 694 ms
2022-01-22 21:36:27.505 [main] INFO  c.a.d.s.b.a.DruidDataSourceAutoConfigure - Init DruidDataSource
2022-01-22 21:36:27.589 [main] INFO  com.alibaba.druid.pool.DruidDataSource - {dataSource-1} inited
2022-01-22 21:36:27.908 [main] INFO  org.apache.coyote.http11.Http11NioProtocol - Starting ProtocolHandler ["http-nio-8080"]
2022-01-22 21:36:27.918 [main] INFO  o.s.boot.web.embedded.tomcat.TomcatWebServer - Tomcat started on port(s): 8080 (http) with context path '/springboot02'
2022-01-22 21:36:27.923 [main] INFO  com.zhou.Springboot02Application - Started Springboot02Application in 1.493 seconds (JVM running for 2.02)
2022-01-22 21:37:45.558 [http-nio-8080-exec-9] INFO  o.a.c.c.C.[Tomcat].[localhost].[/springboot02] - Initializing Spring DispatcherServlet 'dispatcherServlet'
2022-01-22 21:37:45.558 [http-nio-8080-exec-9] INFO  org.springframework.web.servlet.DispatcherServlet - Initializing Servlet 'dispatcherServlet'
2022-01-22 21:37:45.558 [http-nio-8080-exec-9] INFO  org.springframework.web.servlet.DispatcherServlet - Completed initialization in 0 ms
2022-01-22 21:37:45.693 [http-nio-8080-exec-9] DEBUG com.zhou.mapper.EmpMapper.findAll_COUNT - ==>  Preparing: SELECT count(0) FROM emp
2022-01-22 21:37:45.710 [http-nio-8080-exec-9] DEBUG com.zhou.mapper.EmpMapper.findAll_COUNT - ==> Parameters: 
2022-01-22 21:37:45.724 [http-nio-8080-exec-9] DEBUG com.zhou.mapper.EmpMapper.findAll_COUNT - <==      Total: 1
2022-01-22 21:37:45.726 [http-nio-8080-exec-9] DEBUG com.zhou.mapper.EmpMapper.findAll - ==>  Preparing: select * from emp LIMIT ?, ?
2022-01-22 21:37:45.727 [http-nio-8080-exec-9] DEBUG com.zhou.mapper.EmpMapper.findAll - ==> Parameters: 5(Integer), 5(Integer)
2022-01-22 21:37:45.729 [http-nio-8080-exec-9] DEBUG com.zhou.mapper.EmpMapper.findAll - <==      Total: 5
2022-01-22 21:49:26.482 [main] INFO  com.zhou.Springboot02Application - Starting Springboot02Application using Java 1.8.0_101 on LAPTOP-VLP4PGD0 with PID 15384 (E:\IDEA_Study\springboot_all\springboot02\target\classes started by 周大生 in E:\IDEA_Study\springboot_all)
2022-01-22 21:49:26.484 [main] INFO  com.zhou.Springboot02Application - No active profile set, falling back to default profiles: default
2022-01-22 21:49:27.185 [main] INFO  o.s.boot.web.embedded.tomcat.TomcatWebServer - Tomcat initialized with port(s): 8080 (http)
2022-01-22 21:49:27.190 [main] INFO  org.apache.coyote.http11.Http11NioProtocol - Initializing ProtocolHandler ["http-nio-8080"]
2022-01-22 21:49:27.191 [main] INFO  org.apache.catalina.core.StandardService - Starting service [Tomcat]
2022-01-22 21:49:27.191 [main] INFO  org.apache.catalina.core.StandardEngine - Starting Servlet engine: [Apache Tomcat/9.0.53]
2022-01-22 21:49:27.311 [main] INFO  org.apache.jasper.servlet.TldScanner - At least one JAR was scanned for TLDs yet contained no TLDs. Enable debug logging for this logger for a complete list of JARs that were scanned but no TLDs were found in them. Skipping unneeded JARs during scanning can improve startup time and JSP compilation time.
2022-01-22 21:49:27.315 [main] INFO  o.a.c.c.C.[Tomcat].[localhost].[/springboot02] - Initializing Spring embedded WebApplicationContext
2022-01-22 21:49:27.315 [main] INFO  o.s.b.w.s.c.ServletWebServerApplicationContext - Root WebApplicationContext: initialization completed in 781 ms
2022-01-22 21:49:27.365 [main] INFO  c.a.d.s.b.a.DruidDataSourceAutoConfigure - Init DruidDataSource
2022-01-22 21:49:27.451 [main] INFO  com.alibaba.druid.pool.DruidDataSource - {dataSource-1} inited
2022-01-22 21:49:27.768 [main] INFO  org.apache.coyote.http11.Http11NioProtocol - Starting ProtocolHandler ["http-nio-8080"]
2022-01-22 21:49:27.782 [main] INFO  o.s.boot.web.embedded.tomcat.TomcatWebServer - Tomcat started on port(s): 8080 (http) with context path '/springboot02'
2022-01-22 21:49:27.788 [main] INFO  com.zhou.Springboot02Application - Started Springboot02Application in 1.573 seconds (JVM running for 2.121)
2022-01-22 21:51:25.977 [http-nio-8080-exec-5] INFO  o.a.c.c.C.[Tomcat].[localhost].[/springboot02] - Initializing Spring DispatcherServlet 'dispatcherServlet'
2022-01-22 21:51:25.978 [http-nio-8080-exec-5] INFO  org.springframework.web.servlet.DispatcherServlet - Initializing Servlet 'dispatcherServlet'
2022-01-22 21:51:25.978 [http-nio-8080-exec-5] INFO  org.springframework.web.servlet.DispatcherServlet - Completed initialization in 0 ms
2022-01-22 22:27:13.590 [main] INFO  com.zhou.Springboot02Application - Starting Springboot02Application using Java 1.8.0_101 on LAPTOP-VLP4PGD0 with PID 13580 (E:\IDEA_Study\springboot_all\springboot02\target\classes started by 周大生 in E:\IDEA_Study\springboot_all)
2022-01-22 22:27:13.592 [main] INFO  com.zhou.Springboot02Application - No active profile set, falling back to default profiles: default
2022-01-22 22:27:14.334 [main] INFO  o.s.boot.web.embedded.tomcat.TomcatWebServer - Tomcat initialized with port(s): 8080 (http)
2022-01-22 22:27:14.339 [main] INFO  org.apache.coyote.http11.Http11NioProtocol - Initializing ProtocolHandler ["http-nio-8080"]
2022-01-22 22:27:14.339 [main] INFO  org.apache.catalina.core.StandardService - Starting service [Tomcat]
2022-01-22 22:27:14.340 [main] INFO  org.apache.catalina.core.StandardEngine - Starting Servlet engine: [Apache Tomcat/9.0.53]
2022-01-22 22:27:14.386 [main] INFO  o.a.c.c.C.[Tomcat].[localhost].[/springboot02] - Initializing Spring embedded WebApplicationContext
2022-01-22 22:27:14.386 [main] INFO  o.s.b.w.s.c.ServletWebServerApplicationContext - Root WebApplicationContext: initialization completed in 742 ms
2022-01-22 22:27:14.437 [main] INFO  c.a.d.s.b.a.DruidDataSourceAutoConfigure - Init DruidDataSource
2022-01-22 22:27:14.519 [main] INFO  com.alibaba.druid.pool.DruidDataSource - {dataSource-1} inited
2022-01-22 22:27:14.893 [main] INFO  org.apache.coyote.http11.Http11NioProtocol - Starting ProtocolHandler ["http-nio-8080"]
2022-01-22 22:27:14.903 [main] INFO  o.s.boot.web.embedded.tomcat.TomcatWebServer - Tomcat started on port(s): 8080 (http) with context path '/springboot02'
2022-01-22 22:27:14.908 [main] INFO  com.zhou.Springboot02Application - Started Springboot02Application in 1.581 seconds (JVM running for 2.128)
2022-01-22 22:27:27.260 [http-nio-8080-exec-1] INFO  o.a.c.c.C.[Tomcat].[localhost].[/springboot02] - Initializing Spring DispatcherServlet 'dispatcherServlet'
2022-01-22 22:27:27.260 [http-nio-8080-exec-1] INFO  org.springframework.web.servlet.DispatcherServlet - Initializing Servlet 'dispatcherServlet'
2022-01-22 22:27:27.261 [http-nio-8080-exec-1] INFO  org.springframework.web.servlet.DispatcherServlet - Completed initialization in 1 ms
